2021-02-24 00:10:04,966 [INFO ] - [OnSessionStarted] session(20285a15-1d64-4e18-adbb-626c3d6e26e7))
2021-02-24 00:10:39,854 [INFO ] - [projectile] created...
2021-02-24 00:10:39,957 [INFO ] - [projectile x[15], y[15]
2021-02-24 00:10:39,957 [INFO ] - [projectile x[15.10648], y[15.60388]
2021-02-24 00:10:39,958 [INFO ] - [projectile x[15.21296], y[16.20776]
2021-02-24 00:10:39,959 [INFO ] - [projectile x[15.31944], y[16.81165]
2021-02-24 00:10:39,959 [INFO ] - [projectile x[15.42592], y[17.41553]
2021-02-24 00:10:40,077 [INFO ] - [projectile x[15.5324], y[18.01941]
2021-02-24 00:10:40,077 [INFO ] - [projectile x[15.65791], y[18.7312]
2021-02-24 00:10:40,078 [INFO ] - [projectile x[15.78342], y[19.44298]
2021-02-24 00:10:40,080 [INFO ] - [projectile x[15.90893], y[20.15477]
2021-02-24 00:10:40,080 [INFO ] - [projectile x[16.03443], y[20.86655]
2021-02-24 00:10:40,198 [INFO ] - [projectile x[16.15994], y[21.57834]
2021-02-24 00:10:40,198 [INFO ] - [projectile x[16.28536], y[22.28965]
2021-02-24 00:10:40,199 [INFO ] - [projectile x[16.41079], y[23.00097]
2021-02-24 00:10:40,199 [INFO ] - [projectile x[16.53621], y[23.71228]
2021-02-24 00:10:40,200 [INFO ] - [projectile x[16.66163], y[24.42359]
2021-02-24 00:10:40,304 [INFO ] - [projectile x[16.78706], y[25.1349]
2021-02-24 00:10:40,304 [INFO ] - [projectile x[16.89741], y[25.76072]
2021-02-24 00:10:40,307 [INFO ] - [projectile x[17.00776], y[26.38654]
2021-02-24 00:10:40,308 [INFO ] - [projectile x[17.1181], y[27.01235]
2021-02-24 00:10:40,308 [INFO ] - [projectile x[17.22845], y[27.63817]
2021-02-24 00:10:40,410 [INFO ] - [projectile x[17.3388], y[28.26399]
2021-02-24 00:10:40,410 [INFO ] - [projectile x[17.44901], y[28.88899]
2021-02-24 00:10:40,411 [INFO ] - [projectile x[17.55921], y[29.514]
2021-02-24 00:10:40,412 [INFO ] - [projectile x[17.66942], y[30.139]
2021-02-24 00:10:40,413 [INFO ] - [projectile x[17.77962], y[30.76401]
2021-02-24 00:10:40,530 [INFO ] - [projectile x[17.88983], y[31.38901]
2021-02-24 00:10:40,530 [INFO ] - [projectile x[18.0154], y[32.10116]
2021-02-24 00:10:40,531 [INFO ] - [projectile x[18.14097], y[32.81332]
2021-02-24 00:10:40,532 [INFO ] - [projectile x[18.26654], y[33.52547]
2021-02-24 00:10:40,532 [INFO ] - [projectile x[18.39212], y[34.23763]
2021-02-24 00:10:40,636 [INFO ] - [projectile x[18.51769], y[34.94978]
2021-02-24 00:10:40,636 [INFO ] - [projectile x[18.62761], y[35.5732]
2021-02-24 00:10:40,636 [INFO ] - [projectile x[18.73754], y[36.19663]
2021-02-24 00:10:40,637 [INFO ] - [projectile x[18.84747], y[36.82005]
2021-02-24 00:10:40,638 [INFO ] - [projectile x[18.95739], y[37.44348]
2021-02-24 00:10:40,741 [INFO ] - [projectile x[19.06732], y[38.0669]
2021-02-24 00:10:40,741 [INFO ] - [projectile x[19.17703], y[38.68912]
2021-02-24 00:10:40,742 [INFO ] - [projectile x[19.28675], y[39.31134]
2021-02-24 00:10:40,745 [INFO ] - [projectile x[19.39646], y[39.93356]
2021-02-24 00:10:40,745 [INFO ] - [projectile x[19.50618], y[40.55578]
2021-02-24 00:10:40,846 [INFO ] - [projectile x[19.61589], y[41.178]
2021-02-24 00:10:40,846 [INFO ] - [projectile x[19.72583], y[41.80146]
2021-02-24 00:10:40,847 [INFO ] - [projectile x[19.83576], y[42.42493]
2021-02-24 00:10:40,848 [INFO ] - [projectile x[19.94569], y[43.0484]
2021-02-24 00:10:40,848 [INFO ] - [projectile x[20.05563], y[43.67186]
2021-02-24 00:10:40,968 [INFO ] - [projectile x[20.16556], y[44.29533]
2021-02-24 00:10:40,968 [INFO ] - [projectile] removed...
2021-02-24 00:10:40,970 [INFO ] - [projectile x[20.29192], y[45.01195]
2021-02-24 00:10:40,971 [INFO ] - [projectile] removed...
2021-02-24 00:10:40,973 [INFO ] - [projectile x[20.41828], y[45.72857]
2021-02-24 00:10:40,973 [INFO ] - [projectile] removed...
2021-02-24 00:10:40,974 [INFO ] - [projectile x[20.54464], y[46.44518]
2021-02-24 00:10:40,975 [INFO ] - [projectile] removed...
2021-02-24 00:10:40,975 [INFO ] - [projectile x[20.671], y[47.1618]
2021-02-24 00:10:40,976 [INFO ] - [projectile] removed...
2021-02-24 00:10:43,309 [INFO ] - [projectile] created...
2021-02-24 00:10:43,421 [INFO ] - [projectile x[15], y[15]
2021-02-24 00:10:43,421 [INFO ] - [projectile x[15.22809], y[15.62667]
2021-02-24 00:10:43,422 [INFO ] - [projectile x[15.45618], y[16.25333]
2021-02-24 00:10:43,425 [INFO ] - [projectile x[15.68427], y[16.88]
2021-02-24 00:10:43,425 [INFO ] - [projectile x[15.91235], y[17.50667]
2021-02-24 00:10:43,541 [INFO ] - [projectile x[16.14044], y[18.13334]
2021-02-24 00:10:43,541 [INFO ] - [projectile x[16.38687], y[18.81038]
2021-02-24 00:10:43,542 [INFO ] - [projectile x[16.63329], y[19.48742]
2021-02-24 00:10:43,543 [INFO ] - [projectile x[16.87971], y[20.16447]
2021-02-24 00:10:43,544 [INFO ] - [projectile x[17.12614], y[20.84151]
2021-02-24 00:10:43,646 [INFO ] - [projectile x[17.37256], y[21.51855]
2021-02-24 00:10:43,646 [INFO ] - [projectile x[17.58934], y[22.11414]
2021-02-24 00:10:43,647 [INFO ] - [projectile x[17.80611], y[22.70972]
2021-02-24 00:10:43,647 [INFO ] - [projectile x[18.02289], y[23.30531]
2021-02-24 00:10:43,648 [INFO ] - [projectile x[18.23966], y[23.90089]
2021-02-24 00:10:43,766 [INFO ] - [projectile x[18.45644], y[24.49648]
2021-02-24 00:10:43,766 [INFO ] - [projectile x[18.70275], y[25.17321]
2021-02-24 00:10:43,767 [INFO ] - [projectile x[18.94906], y[25.84994]
2021-02-24 00:10:43,767 [INFO ] - [projectile x[19.19537], y[26.52667]
2021-02-24 00:10:43,768 [INFO ] - [projectile x[19.44168], y[27.2034]
2021-02-24 00:10:43,901 [INFO ] - [projectile x[19.68799], y[27.88013]
2021-02-24 00:10:43,901 [INFO ] - [projectile x[19.9652], y[28.64176]
2021-02-24 00:10:43,902 [INFO ] - [projectile x[20.24241], y[29.4034]
2021-02-24 00:10:43,902 [INFO ] - [projectile x[20.51963], y[30.16504]
2021-02-24 00:10:43,903 [INFO ] - [projectile x[20.79684], y[30.92668]
2021-02-24 00:10:44,007 [INFO ] - [projectile x[21.07406], y[31.68832]
2021-02-24 00:10:44,007 [INFO ] - [projectile x[21.29051], y[32.28303]
2021-02-24 00:10:44,008 [INFO ] - [projectile x[21.50697], y[32.87774]
2021-02-24 00:10:44,008 [INFO ] - [projectile x[21.72343], y[33.47245]
2021-02-24 00:10:44,009 [INFO ] - [projectile x[21.93989], y[34.06716]
2021-02-24 00:10:44,112 [INFO ] - [projectile x[22.15634], y[34.66187]
2021-02-24 00:10:44,112 [INFO ] - [projectile x[22.37184], y[35.25395]
2021-02-24 00:10:44,115 [INFO ] - [projectile x[22.58734], y[35.84603]
2021-02-24 00:10:44,115 [INFO ] - [projectile x[22.80284], y[36.43811]
2021-02-24 00:10:44,116 [INFO ] - [projectile x[23.01834], y[37.03019]
2021-02-24 00:10:44,232 [INFO ] - [projectile x[23.23384], y[37.62227]
2021-02-24 00:10:44,232 [INFO ] - [projectile x[23.4805], y[38.29994]
2021-02-24 00:10:44,233 [INFO ] - [projectile x[23.72715], y[38.97762]
2021-02-24 00:10:44,233 [INFO ] - [projectile x[23.9738], y[39.65529]
2021-02-24 00:10:44,234 [INFO ] - [projectile x[24.22045], y[40.33296]
2021-02-24 00:10:44,337 [INFO ] - [projectile x[24.46711], y[41.01064]
2021-02-24 00:10:44,337 [INFO ] - [projectile x[24.68306], y[41.60397]
2021-02-24 00:10:44,338 [INFO ] - [projectile x[24.89902], y[42.1973]
2021-02-24 00:10:44,338 [INFO ] - [projectile x[25.11497], y[42.79064]
2021-02-24 00:10:44,339 [INFO ] - [projectile] removed...
2021-02-24 00:10:44,340 [INFO ] - [projectile x[25.33093], y[43.38397]
2021-02-24 00:10:44,341 [INFO ] - [projectile] removed...
2021-02-24 00:10:45,557 [INFO ] - [projectile] created...
2021-02-24 00:10:45,662 [INFO ] - [projectile x[15], y[15]
2021-02-24 00:10:45,662 [INFO ] - [projectile x[15.26323], y[15.56449]
2021-02-24 00:10:45,663 [INFO ] - [projectile x[15.52645], y[16.12898]
2021-02-24 00:10:45,664 [INFO ] - [projectile x[15.78968], y[16.69348]
2021-02-24 00:10:45,665 [INFO ] - [projectile x[16.05291], y[17.25797]
2021-02-24 00:10:45,767 [INFO ] - [projectile x[16.31613], y[17.82246]
2021-02-24 00:10:45,767 [INFO ] - [projectile x[16.58316], y[18.3951]
2021-02-24 00:10:45,768 [INFO ] - [projectile x[16.85019], y[18.96774]
2021-02-24 00:10:45,770 [INFO ] - [projectile x[17.11721], y[19.54038]
2021-02-24 00:10:45,771 [INFO ] - [projectile x[17.38424], y[20.11302]
2021-02-24 00:10:45,887 [INFO ] - [projectile x[17.65127], y[20.68567]
2021-02-24 00:10:45,887 [INFO ] - [projectile x[17.9556], y[21.33831]
2021-02-24 00:10:45,889 [INFO ] - [projectile x[18.25994], y[21.99096]
2021-02-24 00:10:45,890 [INFO ] - [projectile x[18.56428], y[22.64361]
2021-02-24 00:10:45,891 [INFO ] - [projectile x[18.86861], y[23.29626]
2021-02-24 00:10:46,007 [INFO ] - [projectile x[19.17295], y[23.94891]
2021-02-24 00:10:46,007 [INFO ] - [projectile x[19.47709], y[24.60115]
2021-02-24 00:10:46,008 [INFO ] - [projectile x[19.78124], y[25.25339]
2021-02-24 00:10:46,009 [INFO ] - [projectile x[20.08538], y[25.90563]
2021-02-24 00:10:46,009 [INFO ] - [projectile x[20.38953], y[26.55787]
2021-02-24 00:10:46,112 [INFO ] - [projectile x[20.69367], y[27.2101]
2021-02-24 00:10:46,112 [INFO ] - [projectile x[20.95996], y[27.78118]
2021-02-24 00:10:46,113 [INFO ] - [projectile x[21.22626], y[28.35225]
2021-02-24 00:10:46,113 [INFO ] - [projectile x[21.49255], y[28.92332]
2021-02-24 00:10:46,114 [INFO ] - [projectile x[21.75885], y[29.49439]
2021-02-24 00:10:46,233 [INFO ] - [projectile x[22.02514], y[30.06546]
2021-02-24 00:10:46,233 [INFO ] - [projectile x[22.33188], y[30.72326]
2021-02-24 00:10:46,234 [INFO ] - [projectile x[22.63861], y[31.38106]
2021-02-24 00:10:46,234 [INFO ] - [projectile x[22.94535], y[32.03885]
2021-02-24 00:10:46,235 [INFO ] - [projectile x[23.25209], y[32.69665]
2021-02-24 00:10:46,338 [INFO ] - [projectile x[23.55882], y[33.35444]
2021-02-24 00:10:46,338 [INFO ] - [projectile x[23.8251], y[33.92548]
2021-02-24 00:10:46,342 [INFO ] - [projectile x[24.09138], y[34.49651]
2021-02-24 00:10:46,342 [INFO ] - [projectile x[24.35765], y[35.06754]
2021-02-24 00:10:46,343 [INFO ] - [projectile x[24.62393], y[35.63858]
2021-02-24 00:10:46,443 [INFO ] - [projectile x[24.89021], y[36.20961]
2021-02-24 00:10:46,443 [INFO ] - [projectile x[25.15643], y[36.78052]
2021-02-24 00:10:46,444 [INFO ] - [projectile x[25.42265], y[37.35143]
2021-02-24 00:10:46,445 [INFO ] - [projectile x[25.68886], y[37.92233]
2021-02-24 00:10:46,445 [INFO ] - [projectile x[25.95508], y[38.49324]
2021-02-24 00:10:46,563 [INFO ] - [projectile x[26.2213], y[39.06415]
2021-02-24 00:10:46,563 [INFO ] - [projectile x[26.52566], y[39.71685]
2021-02-24 00:10:46,564 [INFO ] - [projectile x[26.83002], y[40.36955]
2021-02-24 00:10:46,564 [INFO ] - [projectile x[27.13438], y[41.02225]
2021-02-24 00:10:46,565 [INFO ] - [projectile x[27.43874], y[41.67496]
2021-02-24 00:10:46,565 [INFO ] - [projectile] removed...
2021-02-24 00:10:48,469 [INFO ] - [projectile] created...
2021-02-24 00:10:48,564 [INFO ] - [projectile x[15], y[15]
2021-02-24 00:10:48,564 [INFO ] - [projectile x[15.24928], y[15.51111]
2021-02-24 00:10:48,565 [INFO ] - [projectile x[15.49857], y[16.02221]
2021-02-24 00:10:48,565 [INFO ] - [projectile x[15.74785], y[16.53332]
2021-02-24 00:10:48,566 [INFO ] - [projectile x[15.99713], y[17.04442]
2021-02-24 00:10:48,684 [INFO ] - [projectile x[16.24641], y[17.55552]
2021-02-24 00:10:48,684 [INFO ] - [projectile x[16.56203], y[18.20263]
2021-02-24 00:10:48,685 [INFO ] - [projectile x[16.87764], y[18.84973]
2021-02-24 00:10:48,685 [INFO ] - [projectile x[17.19325], y[19.49683]
2021-02-24 00:10:48,686 [INFO ] - [projectile x[17.50886], y[20.14393]
2021-02-24 00:10:48,789 [INFO ] - [projectile x[17.82447], y[20.79103]
2021-02-24 00:10:48,789 [INFO ] - [projectile x[18.10071], y[21.35741]
2021-02-24 00:10:48,792 [INFO ] - [projectile x[18.37696], y[21.9238]
2021-02-24 00:10:48,793 [INFO ] - [projectile x[18.6532], y[22.49018]
2021-02-24 00:10:48,793 [INFO ] - [projectile x[18.92945], y[23.05657]
2021-02-24 00:10:48,895 [INFO ] - [projectile x[19.20569], y[23.62295]
2021-02-24 00:10:48,895 [INFO ] - [projectile x[19.48296], y[24.19143]
2021-02-24 00:10:48,896 [INFO ] - [projectile x[19.76023], y[24.75991]
2021-02-24 00:10:48,897 [INFO ] - [projectile x[20.03749], y[25.32839]
2021-02-24 00:10:48,897 [INFO ] - [projectile x[20.31476], y[25.89686]
2021-02-24 00:10:49,015 [INFO ] - [projectile x[20.59202], y[26.46534]
2021-02-24 00:10:49,015 [INFO ] - [projectile x[20.90772], y[27.11261]
2021-02-24 00:10:49,016 [INFO ] - [projectile x[21.22341], y[27.75988]
2021-02-24 00:10:49,016 [INFO ] - [projectile x[21.53911], y[28.40715]
2021-02-24 00:10:49,017 [INFO ] - [projectile x[21.8548], y[29.05442]
2021-02-24 00:10:49,135 [INFO ] - [projectile x[22.1705], y[29.70169]
2021-02-24 00:10:49,135 [INFO ] - [projectile x[22.48625], y[30.34908]
2021-02-24 00:10:49,135 [INFO ] - [projectile x[22.802], y[30.99648]
2021-02-24 00:10:49,136 [INFO ] - [projectile x[23.11776], y[31.64387]
2021-02-24 00:10:49,137 [INFO ] - [projectile x[23.43351], y[32.29126]
2021-02-24 00:10:49,240 [INFO ] - [projectile x[23.74927], y[32.93866]
2021-02-24 00:10:49,240 [INFO ] - [projectile x[24.02618], y[33.50642]
2021-02-24 00:10:49,241 [INFO ] - [projectile x[24.3031], y[34.07418]
2021-02-24 00:10:49,242 [INFO ] - [projectile x[24.58002], y[34.64195]
2021-02-24 00:10:49,242 [INFO ] - [projectile x[24.85693], y[35.20971]
2021-02-24 00:10:49,345 [INFO ] - [projectile x[25.13385], y[35.77748]
2021-02-24 00:10:49,345 [INFO ] - [projectile x[25.41105], y[36.34584]
2021-02-24 00:10:49,347 [INFO ] - [projectile x[25.68826], y[36.9142]
2021-02-24 00:10:49,348 [INFO ] - [projectile x[25.96547], y[37.48256]
2021-02-24 00:10:49,348 [INFO ] - [projectile x[26.24267], y[38.05091]
2021-02-24 00:10:49,456 [INFO ] - [projectile x[26.51988], y[38.61927]
2021-02-24 00:10:49,457 [INFO ] - [projectile x[26.81359], y[39.22147]
2021-02-24 00:10:49,457 [INFO ] - [projectile x[27.10731], y[39.82367]
2021-02-24 00:10:49,459 [INFO ] - [projectile x[27.40102], y[40.42587]
2021-02-24 00:10:49,460 [INFO ] - [projectile x[27.69473], y[41.02807]
2021-02-24 00:10:49,571 [INFO ] - [projectile x[27.98844], y[41.63027]
2021-02-24 00:10:49,571 [INFO ] - [projectile] removed...
2021-02-24 00:10:49,572 [INFO ] - [projectile x[28.28693], y[42.24225]
2021-02-24 00:10:49,573 [INFO ] - [projectile] removed...
2021-02-24 00:10:49,573 [INFO ] - [projectile x[28.58541], y[42.85423]
2021-02-24 00:10:49,574 [INFO ] - [projectile] removed...
2021-02-24 00:10:49,574 [INFO ] - [projectile x[28.88389], y[43.46621]
2021-02-24 00:10:49,575 [INFO ] - [projectile] removed...
2021-02-24 00:10:49,575 [INFO ] - [projectile x[29.18237], y[44.07819]
2021-02-24 00:10:49,576 [INFO ] - [projectile] removed...
2021-02-24 00:10:50,325 [INFO ] - [projectile] created...
2021-02-24 00:10:50,427 [INFO ] - [projectile x[15], y[15]
2021-02-24 00:10:50,427 [INFO ] - [projectile x[15.27713], y[15.5439]
2021-02-24 00:10:50,428 [INFO ] - [projectile x[15.55427], y[16.08781]
2021-02-24 00:10:50,429 [INFO ] - [projectile x[15.8314], y[16.63171]
2021-02-24 00:10:50,429 [INFO ] - [projectile x[16.10853], y[17.17562]
2021-02-24 00:10:50,548 [INFO ] - [projectile x[16.38567], y[17.71952]
2021-02-24 00:10:50,548 [INFO ] - [projectile x[16.71393], y[18.36378]
2021-02-24 00:10:50,549 [INFO ] - [projectile x[17.04219], y[19.00803]
2021-02-24 00:10:50,549 [INFO ] - [projectile x[17.37045], y[19.65228]
2021-02-24 00:10:50,550 [INFO ] - [projectile x[17.69872], y[20.29654]
2021-02-24 00:10:50,669 [INFO ] - [projectile x[18.02698], y[20.94079]
2021-02-24 00:10:50,669 [INFO ] - [projectile x[18.35663], y[21.58776]
2021-02-24 00:10:50,672 [INFO ] - [projectile x[18.68628], y[22.23474]
2021-02-24 00:10:50,673 [INFO ] - [projectile x[19.01593], y[22.88172]
2021-02-24 00:10:50,673 [INFO ] - [projectile x[19.34558], y[23.52869]
2021-02-24 00:10:50,789 [INFO ] - [projectile x[19.67523], y[24.17567]
2021-02-24 00:10:50,789 [INFO ] - [projectile x[20.00374], y[24.8204]
2021-02-24 00:10:50,792 [INFO ] - [projectile x[20.33225], y[25.46514]
2021-02-24 00:10:50,793 [INFO ] - [projectile x[20.66076], y[26.10987]
2021-02-24 00:10:50,793 [INFO ] - [projectile x[20.98927], y[26.7546]
2021-02-24 00:10:50,894 [INFO ] - [projectile x[21.31777], y[27.39934]
2021-02-24 00:10:50,894 [INFO ] - [projectile x[21.60385], y[27.96079]
2021-02-24 00:10:50,895 [INFO ] - [projectile x[21.88993], y[28.52225]
2021-02-24 00:10:50,895 [INFO ] - [projectile x[22.176], y[29.0837]
2021-02-24 00:10:50,896 [INFO ] - [projectile x[22.46208], y[29.64516]
2021-02-24 00:10:51,014 [INFO ] - [projectile x[22.74815], y[30.20661]
2021-02-24 00:10:51,014 [INFO ] - [projectile x[23.07545], y[30.84898]
2021-02-24 00:10:51,015 [INFO ] - [projectile x[23.40275], y[31.49134]
2021-02-24 00:10:51,015 [INFO ] - [projectile x[23.73005], y[32.13371]
2021-02-24 00:10:51,016 [INFO ] - [projectile x[24.05736], y[32.77607]
2021-02-24 00:10:51,120 [INFO ] - [projectile x[24.38466], y[33.41844]
2021-02-24 00:10:51,120 [INFO ] - [projectile x[24.67133], y[33.98107]
2021-02-24 00:10:51,121 [INFO ] - [projectile x[24.95801], y[34.5437]
2021-02-24 00:10:51,122 [INFO ] - [projectile x[25.24468], y[35.10633]
2021-02-24 00:10:51,122 [INFO ] - [projectile x[25.53135], y[35.66896]
2021-02-24 00:10:51,225 [INFO ] - [projectile x[25.81803], y[36.23159]
2021-02-24 00:10:51,225 [INFO ] - [projectile x[26.10466], y[36.79413]
2021-02-24 00:10:51,228 [INFO ] - [projectile x[26.39129], y[37.35667]
2021-02-24 00:10:51,229 [INFO ] - [projectile x[26.67792], y[37.91921]
2021-02-24 00:10:51,229 [INFO ] - [projectile x[26.96454], y[38.48175]
2021-02-24 00:10:51,330 [INFO ] - [projectile x[27.25117], y[39.0443]
2021-02-24 00:10:51,330 [INFO ] - [projectile x[27.53818], y[39.60757]
2021-02-24 00:10:51,331 [INFO ] - [projectile x[27.82518], y[40.17085]
2021-02-24 00:10:51,332 [INFO ] - [projectile x[28.11218], y[40.73412]
2021-02-24 00:10:51,332 [INFO ] - [projectile x[28.39918], y[41.29739]
2021-02-24 00:10:51,333 [INFO ] - [projectile] removed...
2021-02-24 00:10:52,973 [INFO ] - [projectile] created...
2021-02-24 00:10:53,088 [INFO ] - [projectile x[15], y[15]
2021-02-24 00:10:53,088 [INFO ] - [projectile x[15.32232], y[15.6062]
2021-02-24 00:10:53,089 [INFO ] - [projectile x[15.64465], y[16.2124]
2021-02-24 00:10:53,089 [INFO ] - [projectile x[15.96697], y[16.81861]
2021-02-24 00:10:53,090 [INFO ] - [projectile x[16.2893], y[17.42481]
2021-02-24 00:10:53,194 [INFO ] - [projectile x[16.61162], y[18.03101]
2021-02-24 00:10:53,194 [INFO ] - [projectile x[16.91009], y[18.59235]
2021-02-24 00:10:53,194 [INFO ] - [projectile x[17.20856], y[19.15369]
2021-02-24 00:10:53,197 [INFO ] - [projectile x[17.50703], y[19.71503]
2021-02-24 00:10:53,197 [INFO ] - [projectile x[17.8055], y[20.27637]
2021-02-24 00:10:53,299 [INFO ] - [projectile x[18.10397], y[20.83772]
2021-02-24 00:10:53,299 [INFO ] - [projectile x[18.39981], y[21.39412]
2021-02-24 00:10:53,300 [INFO ] - [projectile x[18.69566], y[21.95053]
2021-02-24 00:10:53,300 [INFO ] - [projectile x[18.9915], y[22.50693]
2021-02-24 00:10:53,301 [INFO ] - [projectile x[19.28735], y[23.06334]
2021-02-24 00:10:53,419 [INFO ] - [projectile x[19.58319], y[23.61975]
2021-02-24 00:10:53,419 [INFO ] - [projectile x[19.92127], y[24.25559]
2021-02-24 00:10:53,421 [INFO ] - [projectile x[20.25936], y[24.89143]
2021-02-24 00:10:53,421 [INFO ] - [projectile x[20.59744], y[25.52728]
2021-02-24 00:10:53,422 [INFO ] - [projectile x[20.93552], y[26.16312]
2021-02-24 00:10:53,524 [INFO ] - [projectile x[21.27361], y[26.79896]
2021-02-24 00:10:53,524 [INFO ] - [projectile x[21.57058], y[27.35748]
2021-02-24 00:10:53,526 [INFO ] - [projectile x[21.86754], y[27.91599]
2021-02-24 00:10:53,526 [INFO ] - [projectile x[22.16451], y[28.47451]
2021-02-24 00:10:53,526 [INFO ] - [projectile x[22.46148], y[29.03302]
2021-02-24 00:10:53,630 [INFO ] - [projectile x[22.75845], y[29.59154]
2021-02-24 00:10:53,630 [INFO ] - [projectile x[23.0551], y[30.14946]
2021-02-24 00:10:53,633 [INFO ] - [projectile x[23.35175], y[30.70738]
2021-02-24 00:10:53,633 [INFO ] - [projectile x[23.64841], y[31.2653]
2021-02-24 00:10:53,634 [INFO ] - [projectile x[23.94506], y[31.82322]
2021-02-24 00:10:53,750 [INFO ] - [projectile x[24.24171], y[32.38114]
2021-02-24 00:10:53,750 [INFO ] - [projectile x[24.5804], y[33.01812]
2021-02-24 00:10:53,751 [INFO ] - [projectile x[24.91908], y[33.65511]
2021-02-24 00:10:53,751 [INFO ] - [projectile x[25.25777], y[34.29209]
2021-02-24 00:10:53,752 [INFO ] - [projectile x[25.59646], y[34.92907]
2021-02-24 00:10:53,870 [INFO ] - [projectile x[25.93515], y[35.56605]
2021-02-24 00:10:53,870 [INFO ] - [projectile x[26.27329], y[36.202]
2021-02-24 00:10:53,871 [INFO ] - [projectile x[26.61143], y[36.83795]
2021-02-24 00:10:53,871 [INFO ] - [projectile x[26.94956], y[37.4739]
2021-02-24 00:10:53,872 [INFO ] - [projectile x[27.2877], y[38.10984]
2021-02-24 00:10:53,990 [INFO ] - [projectile x[27.62584], y[38.74579]
2021-02-24 00:10:53,990 [INFO ] - [projectile x[27.96411], y[39.38198]
2021-02-24 00:10:53,991 [INFO ] - [projectile x[28.30238], y[40.01817]
2021-02-24 00:10:53,992 [INFO ] - [projectile x[28.64065], y[40.65436]
2021-02-24 00:10:53,992 [INFO ] - [projectile x[28.97891], y[41.29055]
2021-02-24 00:10:53,993 [INFO ] - [projectile] removed...
2021-02-24 00:10:56,349 [INFO ] - [projectile] created...
2021-02-24 00:10:56,456 [INFO ] - [projectile x[15], y[15]
2021-02-24 00:10:56,456 [INFO ] - [projectile x[15.30894], y[15.55733]
2021-02-24 00:10:56,457 [INFO ] - [projectile x[15.61787], y[16.11467]
2021-02-24 00:10:56,458 [INFO ] - [projectile x[15.92681], y[16.672]
2021-02-24 00:10:56,459 [INFO ] - [projectile x[16.23574], y[17.22933]
2021-02-24 00:10:56,576 [INFO ] - [projectile x[16.54468], y[17.78666]
2021-02-24 00:10:56,576 [INFO ] - [projectile x[16.89476], y[18.41824]
2021-02-24 00:10:56,576 [INFO ] - [projectile x[17.24485], y[19.04981]
2021-02-24 00:10:56,577 [INFO ] - [projectile x[17.59493], y[19.68138]
2021-02-24 00:10:56,578 [INFO ] - [projectile x[17.94502], y[20.31296]
2021-02-24 00:10:56,681 [INFO ] - [projectile x[18.29511], y[20.94453]
2021-02-24 00:10:56,681 [INFO ] - [projectile x[18.60063], y[21.49571]
2021-02-24 00:10:56,684 [INFO ] - [projectile x[18.90616], y[22.04689]
2021-02-24 00:10:56,684 [INFO ] - [projectile x[19.21168], y[22.59807]
2021-02-24 00:10:56,685 [INFO ] - [projectile x[19.51721], y[23.14926]
2021-02-24 00:10:56,786 [INFO ] - [projectile x[19.82273], y[23.70044]
2021-02-24 00:10:56,786 [INFO ] - [projectile x[20.12941], y[24.2537]
2021-02-24 00:10:56,787 [INFO ] - [projectile x[20.43609], y[24.80696]
2021-02-24 00:10:56,788 [INFO ] - [projectile x[20.74277], y[25.36022]
2021-02-24 00:10:56,788 [INFO ] - [projectile x[21.04945], y[25.91348]
2021-02-24 00:10:56,907 [INFO ] - [projectile x[21.35612], y[26.46674]
2021-02-24 00:10:56,907 [INFO ] - [projectile x[21.70708], y[27.09988]
2021-02-24 00:10:56,908 [INFO ] - [projectile x[22.05803], y[27.73302]
2021-02-24 00:10:56,909 [INFO ] - [projectile x[22.40899], y[28.36616]
2021-02-24 00:10:56,910 [INFO ] - [projectile x[22.75994], y[28.9993]
2021-02-24 00:10:57,027 [INFO ] - [projectile x[23.1109], y[29.63243]
2021-02-24 00:10:57,027 [INFO ] - [projectile x[23.46019], y[30.26258]
2021-02-24 00:10:57,028 [INFO ] - [projectile x[23.80948], y[30.89272]
2021-02-24 00:10:57,028 [INFO ] - [projectile x[24.15877], y[31.52286]
2021-02-24 00:10:57,029 [INFO ] - [projectile x[24.50807], y[32.153]
2021-02-24 00:10:57,133 [INFO ] - [projectile x[24.85736], y[32.78315]
2021-02-24 00:10:57,133 [INFO ] - [projectile x[25.16536], y[33.33879]
2021-02-24 00:10:57,134 [INFO ] - [projectile x[25.47336], y[33.89444]
2021-02-24 00:10:57,134 [INFO ] - [projectile x[25.78137], y[34.45009]
2021-02-24 00:10:57,135 [INFO ] - [projectile x[26.08937], y[35.00574]
2021-02-24 00:10:57,238 [INFO ] - [projectile x[26.39737], y[35.56139]
2021-02-24 00:10:57,238 [INFO ] - [projectile x[26.70411], y[36.11477]
2021-02-24 00:10:57,240 [INFO ] - [projectile x[27.01085], y[36.66814]
2021-02-24 00:10:57,241 [INFO ] - [projectile x[27.31759], y[37.22152]
2021-02-24 00:10:57,241 [INFO ] - [projectile x[27.62433], y[37.77489]
2021-02-24 00:10:57,359 [INFO ] - [projectile x[27.93107], y[38.32827]
2021-02-24 00:10:57,359 [INFO ] - [projectile x[28.28153], y[38.96051]
2021-02-24 00:10:57,360 [INFO ] - [projectile x[28.63198], y[39.59275]
2021-02-24 00:10:57,363 [INFO ] - [projectile x[28.98244], y[40.22499]
2021-02-24 00:10:57,364 [INFO ] - [projectile x[29.3329], y[40.85723]
2021-02-24 00:10:57,364 [INFO ] - [projectile] removed...
2021-02-24 00:11:00,081 [INFO ] - [projectile] created...
2021-02-24 00:11:00,201 [INFO ] - [projectile x[15], y[15]
2021-02-24 00:11:00,201 [INFO ] - [projectile x[15.35046], y[15.63224]
2021-02-24 00:11:00,203 [INFO ] - [projectile x[15.70092], y[16.26448]
2021-02-24 00:11:00,204 [INFO ] - [projectile x[16.05137], y[16.89673]
2021-02-24 00:11:00,204 [INFO ] - [projectile x[16.40183], y[17.52897]
2021-02-24 00:11:00,323 [INFO ] - [projectile x[16.75229], y[18.16121]
2021-02-24 00:11:00,323 [INFO ] - [projectile x[17.1053], y[18.79805]
2021-02-24 00:11:00,325 [INFO ] - [projectile x[17.4583], y[19.43489]
2021-02-24 00:11:00,326 [INFO ] - [projectile x[17.81131], y[20.07173]
2021-02-24 00:11:00,327 [INFO ] - [projectile x[18.16432], y[20.70857]
2021-02-24 00:11:00,428 [INFO ] - [projectile x[18.51732], y[21.34541]
2021-02-24 00:11:00,428 [INFO ] - [projectile x[18.82373], y[21.89817]
2021-02-24 00:11:00,429 [INFO ] - [projectile x[19.13013], y[22.45094]
2021-02-24 00:11:00,430 [INFO ] - [projectile x[19.43653], y[23.00371]
2021-02-24 00:11:00,430 [INFO ] - [projectile x[19.74294], y[23.55648]
2021-02-24 00:11:00,533 [INFO ] - [projectile x[20.04934], y[24.10925]
2021-02-24 00:11:00,533 [INFO ] - [projectile x[20.35493], y[24.66055]
2021-02-24 00:11:00,534 [INFO ] - [projectile x[20.66052], y[25.21185]
2021-02-24 00:11:00,535 [INFO ] - [projectile x[20.96611], y[25.76315]
2021-02-24 00:11:00,535 [INFO ] - [projectile x[21.2717], y[26.31445]
2021-02-24 00:11:00,654 [INFO ] - [projectile x[21.57729], y[26.86575]
2021-02-24 00:11:00,654 [INFO ] - [projectile x[21.9277], y[27.49791]
2021-02-24 00:11:00,655 [INFO ] - [projectile x[22.27812], y[28.13007]
2021-02-24 00:11:00,656 [INFO ] - [projectile x[22.62853], y[28.76223]
2021-02-24 00:11:00,656 [INFO ] - [projectile x[22.97894], y[29.39439]
2021-02-24 00:11:00,759 [INFO ] - [projectile x[23.32935], y[30.02655]
2021-02-24 00:11:00,759 [INFO ] - [projectile x[23.63519], y[30.5783]
2021-02-24 00:11:00,761 [INFO ] - [projectile x[23.94103], y[31.13005]
2021-02-24 00:11:00,762 [INFO ] - [projectile x[24.24687], y[31.6818]
2021-02-24 00:11:00,762 [INFO ] - [projectile x[24.55271], y[32.23355]
2021-02-24 00:11:00,864 [INFO ] - [projectile x[24.85855], y[32.7853]
2021-02-24 00:11:00,864 [INFO ] - [projectile x[25.16403], y[33.3364]
2021-02-24 00:11:00,865 [INFO ] - [projectile x[25.46951], y[33.8875]
2021-02-24 00:11:00,866 [INFO ] - [projectile x[25.77499], y[34.43859]
2021-02-24 00:11:00,867 [INFO ] - [projectile x[26.08047], y[34.98969]
2021-02-24 00:11:00,984 [INFO ] - [projectile x[26.38595], y[35.54079]
2021-02-24 00:11:00,984 [INFO ] - [projectile x[26.73502], y[36.17053]
2021-02-24 00:11:00,988 [INFO ] - [projectile x[27.08409], y[36.80027]
2021-02-24 00:11:00,988 [INFO ] - [projectile x[27.43316], y[37.43]
2021-02-24 00:11:00,989 [INFO ] - [projectile x[27.78222], y[38.05974]
2021-02-24 00:11:01,104 [INFO ] - [projectile x[28.13129], y[38.68948]
2021-02-24 00:11:01,104 [INFO ] - [projectile x[28.48046], y[39.3194]
2021-02-24 00:11:01,105 [INFO ] - [projectile x[28.82963], y[39.94931]
2021-02-24 00:11:01,105 [INFO ] - [projectile x[29.1788], y[40.57923]
2021-02-24 00:11:01,106 [INFO ] - [projectile x[29.52797], y[41.20915]
2021-02-24 00:11:01,107 [INFO ] - [projectile] removed...
2021-02-24 00:11:04,974 [INFO ] - [projectile] created...
2021-02-24 00:11:05,105 [INFO ] - [projectile x[15], y[15]
2021-02-24 00:11:05,105 [INFO ] - [projectile x[15.39314], y[15.68095]
2021-02-24 00:11:05,106 [INFO ] - [projectile x[15.78629], y[16.36189]
2021-02-24 00:11:05,109 [INFO ] - [projectile x[16.17943], y[17.04284]
2021-02-24 00:11:05,109 [INFO ] - [projectile x[16.57258], y[17.72379]
2021-02-24 00:11:05,210 [INFO ] - [projectile x[16.96572], y[18.40473]
2021-02-24 00:11:05,210 [INFO ] - [projectile x[17.28069], y[18.95027]
2021-02-24 00:11:05,211 [INFO ] - [projectile x[17.59566], y[19.49581]
2021-02-24 00:11:05,211 [INFO ] - [projectile x[17.91063], y[20.04135]
2021-02-24 00:11:05,212 [INFO ] - [projectile x[18.2256], y[20.58689]
2021-02-24 00:11:05,315 [INFO ] - [projectile x[18.54056], y[21.13243]
2021-02-24 00:11:05,315 [INFO ] - [projectile x[18.85559], y[21.67807]
2021-02-24 00:11:05,317 [INFO ] - [projectile x[19.17061], y[22.22371]
2021-02-24 00:11:05,318 [INFO ] - [projectile x[19.48563], y[22.76934]
2021-02-24 00:11:05,318 [INFO ] - [projectile x[19.80066], y[23.31498]
2021-02-24 00:11:05,436 [INFO ] - [projectile x[20.11568], y[23.86062]
2021-02-24 00:11:05,436 [INFO ] - [projectile x[20.47957], y[24.49089]
2021-02-24 00:11:05,437 [INFO ] - [projectile x[20.84346], y[25.12117]
2021-02-24 00:11:05,437 [INFO ] - [projectile x[21.20734], y[25.75144]
2021-02-24 00:11:05,438 [INFO ] - [projectile x[21.57123], y[26.38171]
2021-02-24 00:11:05,541 [INFO ] - [projectile x[21.93512], y[27.01199]
2021-02-24 00:11:05,541 [INFO ] - [projectile x[22.25023], y[27.55778]
2021-02-24 00:11:05,542 [INFO ] - [projectile x[22.56535], y[28.10357]
2021-02-24 00:11:05,543 [INFO ] - [projectile x[22.88046], y[28.64936]
2021-02-24 00:11:05,544 [INFO ] - [projectile x[23.19557], y[29.19515]
2021-02-24 00:11:05,647 [INFO ] - [projectile x[23.51068], y[29.74094]
2021-02-24 00:11:05,647 [INFO ] - [projectile x[23.82712], y[30.28902]
2021-02-24 00:11:05,648 [INFO ] - [projectile x[24.14355], y[30.8371]
2021-02-24 00:11:05,650 [INFO ] - [projectile x[24.45999], y[31.38518]
2021-02-24 00:11:05,650 [INFO ] - [projectile x[24.77642], y[31.93327]
2021-02-24 00:11:05,752 [INFO ] - [projectile x[25.09286], y[32.48135]
2021-02-24 00:11:05,752 [INFO ] - [projectile x[25.40861], y[33.02824]
2021-02-24 00:11:05,753 [INFO ] - [projectile x[25.72436], y[33.57513]
2021-02-24 00:11:05,754 [INFO ] - [projectile x[26.04011], y[34.12203]
2021-02-24 00:11:05,754 [INFO ] - [projectile x[26.35586], y[34.66892]
2021-02-24 00:11:05,872 [INFO ] - [projectile x[26.67161], y[35.21582]
2021-02-24 00:11:05,872 [INFO ] - [projectile x[27.03175], y[35.83959]
2021-02-24 00:11:05,873 [INFO ] - [projectile x[27.39188], y[36.46337]
2021-02-24 00:11:05,874 [INFO ] - [projectile x[27.75202], y[37.08714]
2021-02-24 00:11:05,875 [INFO ] - [projectile x[28.11215], y[37.71092]
2021-02-24 00:11:05,977 [INFO ] - [projectile x[28.47229], y[38.33469]
2021-02-24 00:11:05,977 [INFO ] - [projectile x[28.78739], y[38.88046]
2021-02-24 00:11:05,979 [INFO ] - [projectile x[29.10248], y[39.42622]
2021-02-24 00:11:05,979 [INFO ] - [projectile x[29.41758], y[39.97198]
2021-02-24 00:11:05,980 [INFO ] - [projectile x[29.73267], y[40.51774]
2021-02-24 00:11:05,981 [INFO ] - [projectile] removed...
2021-02-24 00:11:09,668 [INFO ] - [OnSessionClosed] Reason : SocketError, 
SessionID : 20285a15-1d64-4e18-adbb-626c3d6e26e7, 
Connected : False, 
RemoteEndPoint : 192.168.0.91:6249
